2025-05-22 13:20:18.345 [info] [main] Log level: Info
2025-05-22 13:20:18.345 [info] [main] Validating found git in: "git"
2025-05-22 13:20:18.345 [info] [main] Using git "2.43.0" from "git"
2025-05-22 13:20:18.345 [info] [Model][doInitialScan] Initial repository scan started
2025-05-22 13:20:18.345 [info] > git rev-parse --show-toplevel [6ms]
2025-05-22 13:20:18.345 [info] fatal: not a git repository (or any of the parent directories): .git
2025-05-22 13:20:18.345 [info] [Model][doInitialScan] Initial repository scan completed - repositories (0), closed repositories (0), parent repositories (0), unsafe repositories (0)
2025-05-22 13:20:32.299 [info] > git rev-parse --show-toplevel [2ms]
2025-05-22 13:20:32.299 [info] fatal: not a git repository (or any of the parent directories): .git
2025-05-22 13:20:32.307 [info] > git rev-parse --show-toplevel [1ms]
2025-05-22 13:20:32.307 [info] fatal: not a git repository (or any of the parent directories): .git
2025-05-22 13:20:32.316 [info] > git rev-parse --show-toplevel [1ms]
2025-05-22 13:20:32.316 [info] fatal: not a git repository (or any of the parent directories): .git
2025-05-22 13:20:32.326 [info] > git rev-parse --show-toplevel [1ms]
2025-05-22 13:20:32.326 [info] fatal: not a git repository (or any of the parent directories): .git
2025-05-22 13:20:32.337 [info] > git rev-parse --show-toplevel [2ms]
2025-05-22 13:20:32.337 [info] fatal: not a git repository (or any of the parent directories): .git
2025-05-22 13:20:32.351 [info] > git rev-parse --show-toplevel [2ms]
2025-05-22 13:20:32.351 [info] fatal: not a git repository (or any of the parent directories): .git
2025-05-22 13:20:32.360 [info] > git rev-parse --show-toplevel [1ms]
2025-05-22 13:20:32.360 [info] fatal: not a git repository (or any of the parent directories): .git
2025-05-22 13:20:32.375 [info] > git rev-parse --show-toplevel [5ms]
2025-05-22 13:20:32.375 [info] fatal: not a git repository (or any of the parent directories): .git
